<?xml version="1.0" encoding="UTF-8"?>
<!-- Generated by org.testng.reporters.JUnitXMLReporter -->
<testsuite ignored="3" hostname="DESKTOP-VJJR4FR" failures="0" tests="1" name="Test" time="3.559" errors="0" timestamp="2025-05-10T22:11:00 IST">
  <testcase classname="testScript.LoginTest" name="verifyTheUserIsAbleToLoginUsingCorrectUsernameWrongPassword" time="0.508"/>
  <testcase classname="testScript.LoginTest" name="verifyTheUserIsAbleToLoginUsingWrongUsernameWrongPassword" time="0.0">
    <ignored/>
  </testcase> <!-- verifyTheUserIsAbleToLoginUsingWrongUsernameWrongPassword -->
  <testcase classname="testScript.LoginTest" name="verifyTheUserIsAbleToLoginUsingValidCredentials" time="0.0">
    <ignored/>
  </testcase> <!-- verifyTheUserIsAbleToLoginUsingValidCredentials -->
  <testcase classname="testScript.LoginTest" name="verifyTheUserIsAbleToLoginUsingWrongUsernameCorrectPassword" time="0.0">
    <ignored/>
  </testcase> <!-- verifyTheUserIsAbleToLoginUsingWrongUsernameCorrectPassword -->
</testsuite> <!-- Test -->
