<?xml version="1.0" encoding="UTF-8"?>
<!-- Generated by org.testng.reporters.JUnitXMLReporter -->
<testsuite ignored="3" hostname="DESKTOP-VJJR4FR" failures="1" tests="1" name="EdgeTest" time="2.747" errors="0" timestamp="2025-04-30T20:06:13 IST">
  <testcase classname="testScript.LoginTest" name="verifyTheUserIsAbleToLoginUsingValidCredentials" time="0.102">
    <failure type="java.io.IOException" message="Failed to read zip entry source">
      <![CDATA[java.io.IOException: Failed to read zip entry source
at org.apache.poi.openxml4j.opc.ZipPackage.<init>(ZipPackage.java:103)
at org.apache.poi.openxml4j.opc.OPCPackage.open(OPCPackage.java:324)
at org.apache.poi.util.PackageHelper.open(PackageHelper.java:37)
at org.apache.poi.xssf.usermodel.XSSFWorkbook.<init>(XSSFWorkbook.java:295)
at utilities.ExcelUtility.readStringData(ExcelUtility.java:21)
at testScript.LoginTest.verifyTheUserIsAbleToLoginUsingValidCredentials(LoginTest.java:13)
at java.base/java.util.ArrayList.forEach(ArrayList.java:1511)
at java.base/java.util.concurrent.FutureTask.run(FutureTask.java:264)
at java.base/java.util.concurrent.ThreadPoolExecutor.runWorker(ThreadPoolExecutor.java:1136)
at java.base/java.util.concurrent.ThreadPoolExecutor$Worker.run(ThreadPoolExecutor.java:635)
at java.base/java.lang.Thread.run(Thread.java:842)
Caused by: java.io.IOException: Stream Closed
at java.base/java.io.FileInputStream.available0(Native Method)
at java.base/java.io.FileInputStream.available(FileInputStream.java:415)
at java.base/java.io.BufferedInputStream.read(BufferedInputStream.java:351)
at java.base/java.io.FilterInputStream.read(FilterInputStream.java:132)
at java.base/java.io.PushbackInputStream.read(PushbackInputStream.java:182)
at java.base/java.util.zip.InflaterInputStream.fill(InflaterInputStream.java:242)
at java.base/java.util.zip.InflaterInputStream.read(InflaterInputStream.java:158)
at java.base/java.util.zip.ZipInputStream.read(ZipInputStream.java:196)
at org.apache.poi.openxml4j.util.ZipSecureFile$ThresholdInputStream.read(ZipSecureFile.java:220)
at java.base/java.io.FilterInputStream.read(FilterInputStream.java:106)
at org.apache.poi.openxml4j.util.ZipInputStreamZipEntrySource$FakeZipEntry.<init>(ZipInputStreamZipEntrySource.java:132)
at org.apache.poi.openxml4j.util.ZipInputStreamZipEntrySource.<init>(ZipInputStreamZipEntrySource.java:56)
at org.apache.poi.openxml4j.opc.ZipPackage.<init>(ZipPackage.java:100)
... 27 more
... Removed 17 stack frames]]>
    </failure>
  </testcase> <!-- verifyTheUserIsAbleToLoginUsingValidCredentials -->
  <testcase classname="testScript.LoginTest" name="verifyTheUserIsAbleToLoginUsingWrongUsernameWrongPassword" time="0.0">
    <ignored/>
  </testcase> <!-- verifyTheUserIsAbleToLoginUsingWrongUsernameWrongPassword -->
  <testcase classname="testScript.LoginTest" name="verifyTheUserIsAbleToLoginUsingWrongUsernameCorrectPassword" time="0.0">
    <ignored/>
  </testcase> <!-- verifyTheUserIsAbleToLoginUsingWrongUsernameCorrectPassword -->
  <testcase classname="testScript.LoginTest" name="verifyTheUserIsAbleToLoginUsingCorrectUsernameWrongPassword" time="0.0">
    <ignored/>
  </testcase> <!-- verifyTheUserIsAbleToLoginUsingCorrectUsernameWrongPassword -->
</testsuite> <!-- EdgeTest -->
