<?xml version="1.0" encoding="UTF-8"?>
<!-- Generated by org.testng.reporters.JUnitXMLReporter -->
<testsuite ignored="0" hostname="DESKTOP-VJJR4FR" failures="0" tests="5" name="ChromeTest" time="11.224" errors="0" timestamp="2025-04-30T20:06:42 IST">
  <testcase classname="testScript.LoginTest" name="verifyTheUserIsAbleToLoginUsingCorrectUsernameWrongPassword" time="1.009"/>
  <testcase classname="testScript.ManageNewsTest" name="verifyIfUserIsAbleToSaveNews" time="2.735"/>
  <testcase classname="testScript.LoginTest" name="verifyTheUserIsAbleToLoginUsingValidCredentials" time="0.853"/>
  <testcase classname="testScript.LoginTest" name="verifyTheUserIsAbleToLoginUsingWrongUsernameCorrectPassword" time="0.745"/>
  <testcase classname="testScript.LoginTest" name="verifyTheUserIsAbleToLoginUsingWrongUsernameWrongPassword" time="0.815"/>
</testsuite> <!-- ChromeTest -->
